[2022-05-31 22:02:30,226] {dag_processing.py:821} INFO - Processing files using up to 2 processes at a time 
[2022-05-31 22:02:30,227] {dag_processing.py:822} INFO - Process each file at most once every 0 seconds
[2022-05-31 22:02:30,229] {dag_processing.py:824} INFO - Checking for new files in /usr/local/airflow/dags every 300 seconds
[2022-05-31 22:02:30,231] {dag_processing.py:1292} INFO - Finding 'running' jobs without a recent heartbeat
[2022-05-31 22:02:30,233] {dag_processing.py:1296} INFO - Failing jobs without heartbeat after 2022-05-31 21:57:30.233301+00:00
[2022-05-31 22:02:30,267] {dag_processing.py:1029} INFO - 
================================================================================
DAG File Processing Stats

File Path                                  PID  Runtime      # DAGs    # Errors  Last Runtime    Last Run
---------------------------------------  -----  ---------  --------  ----------  --------------  ----------
/usr/local/airflow/dags/exchange_etl.py    168  0.00s             0           0
================================================================================
[2022-05-31 22:02:40,284] {dag_processing.py:1292} INFO - Finding 'running' jobs without a recent heartbeat
[2022-05-31 22:02:40,286] {dag_processing.py:1296} INFO - Failing jobs without heartbeat after 2022-05-31 21:57:40.286137+00:00
[2022-05-31 22:02:50,370] {dag_processing.py:1292} INFO - Finding 'running' jobs without a recent heartbeat
[2022-05-31 22:02:50,376] {dag_processing.py:1296} INFO - Failing jobs without heartbeat after 2022-05-31 21:57:50.376169+00:00
[2022-05-31 22:03:00,504] {dag_processing.py:1292} INFO - Finding 'running' jobs without a recent heartbeat
[2022-05-31 22:03:00,514] {dag_processing.py:1296} INFO - Failing jobs without heartbeat after 2022-05-31 21:58:00.513963+00:00
[2022-05-31 22:03:00,550] {dag_processing.py:1029} INFO - 
================================================================================
DAG File Processing Stats

File Path                                  PID  Runtime      # DAGs    # Errors  Last Runtime    Last Run
---------------------------------------  -----  ---------  --------  ----------  --------------  -------------------
/usr/local/airflow/dags/exchange_etl.py    343  0.01s             0           0  1.05s           2022-05-31T22:03:00
================================================================================
[2022-05-31 22:03:10,654] {dag_processing.py:1292} INFO - Finding 'running' jobs without a recent heartbeat
[2022-05-31 22:03:10,658] {dag_processing.py:1296} INFO - Failing jobs without heartbeat after 2022-05-31 21:58:10.658866+00:00
[2022-05-31 22:03:20,757] {dag_processing.py:1292} INFO - Finding 'running' jobs without a recent heartbeat
[2022-05-31 22:03:20,761] {dag_processing.py:1296} INFO - Failing jobs without heartbeat after 2022-05-31 21:58:20.761661+00:00
[2022-05-31 22:03:30,842] {dag_processing.py:1292} INFO - Finding 'running' jobs without a recent heartbeat
[2022-05-31 22:03:30,848] {dag_processing.py:1296} INFO - Failing jobs without heartbeat after 2022-05-31 21:58:30.848653+00:00
[2022-05-31 22:03:30,867] {dag_processing.py:1029} INFO - 
================================================================================
DAG File Processing Stats

File Path                                  PID  Runtime      # DAGs    # Errors  Last Runtime    Last Run
---------------------------------------  -----  ---------  --------  ----------  --------------  -------------------
/usr/local/airflow/dags/exchange_etl.py    552  0.00s             1           0  1.03s           2022-05-31T22:03:30
================================================================================
